[2024-Nov-14 19:06:36.911 +02:00][ 9542: 9542][info ] Logging initialized
[2024-Nov-14 19:06:36.911 +02:00][ 9542: 9542][info ] Initializing krisp SDK...
[2024-Nov-14 19:06:36.911 +02:00][ 9542: 9542][info ] DoKrispInitialize
[2024-Nov-14 19:06:37.477 +02:00][ 9542: 9542][info ] LoadDynamicKrisp
[2024-Nov-14 19:06:37.477 +02:00][ 9542: 9542][info ] Did not find KRISP_DYLIB_PATH, skipping dynamic loading
[2024-Nov-14 19:06:37.477 +02:00][ 9542: 9542][info ] Initializing Krisp SDK in PID 9542, addr 0x710fa27906f0
[2024-Nov-14 19:06:37.782 +02:00][ 9542: 9542][info ] Initialized Krisp SDK successfully
[2024-Nov-14 19:06:37.782 +02:00][ 9542: 9542][info ] Krisp SDK initialized
[2024-Nov-14 19:07:54.116 +02:00][10556:10556][info ] Logging initialized
[2024-Nov-14 19:07:54.116 +02:00][10556:10556][info ] Initializing krisp SDK...
[2024-Nov-14 19:07:54.116 +02:00][10556:10556][info ] DoKrispInitialize
[2024-Nov-14 19:07:54.610 +02:00][10556:10556][info ] LoadDynamicKrisp
[2024-Nov-14 19:07:54.610 +02:00][10556:10556][info ] Did not find KRISP_DYLIB_PATH, skipping dynamic loading
[2024-Nov-14 19:07:54.610 +02:00][10556:10556][info ] Initializing Krisp SDK in PID 10556, addr 0x71c8d9b906f0
[2024-Nov-14 19:07:54.902 +02:00][10556:10556][info ] Initialized Krisp SDK successfully
[2024-Nov-14 19:07:54.902 +02:00][10556:10556][info ] Krisp SDK initialized
[2024-Nov-14 19:35:33.743 +02:00][ 7190: 7190][info ] Logging initialized
[2024-Nov-14 19:35:33.743 +02:00][ 7190: 7190][info ] Initializing krisp SDK...
[2024-Nov-14 19:35:33.743 +02:00][ 7190: 7190][info ] DoKrispInitialize
[2024-Nov-14 19:35:34.233 +02:00][ 7190: 7190][info ] LoadDynamicKrisp
[2024-Nov-14 19:35:34.234 +02:00][ 7190: 7190][info ] Did not find KRISP_DYLIB_PATH, skipping dynamic loading
[2024-Nov-14 19:35:34.234 +02:00][ 7190: 7190][info ] Initializing Krisp SDK in PID 7190, addr 0x7905107906f0
[2024-Nov-14 19:35:34.548 +02:00][ 7190: 7190][info ] Initialized Krisp SDK successfully
[2024-Nov-14 19:35:34.548 +02:00][ 7190: 7190][info ] Krisp SDK initialized
[2024-Nov-14 20:04:21.385 +02:00][ 4950: 4950][info ] Logging initialized
[2024-Nov-14 20:04:21.385 +02:00][ 4950: 4950][info ] Initializing krisp SDK...
[2024-Nov-14 20:04:21.385 +02:00][ 4950: 4950][info ] DoKrispInitialize
[2024-Nov-14 20:04:21.872 +02:00][ 4950: 4950][info ] LoadDynamicKrisp
[2024-Nov-14 20:04:21.872 +02:00][ 4950: 4950][info ] Did not find KRISP_DYLIB_PATH, skipping dynamic loading
[2024-Nov-14 20:04:21.872 +02:00][ 4950: 4950][info ] Initializing Krisp SDK in PID 4950, addr 0x7f9adf7906f0
[2024-Nov-14 20:04:22.190 +02:00][ 4950: 4950][info ] Initialized Krisp SDK successfully
[2024-Nov-14 20:04:22.190 +02:00][ 4950: 4950][info ] Krisp SDK initialized
[2024-Nov-14 20:38:12.232 +02:00][13030:13030][info ] Logging initialized
[2024-Nov-14 20:38:12.232 +02:00][13030:13030][info ] Initializing krisp SDK...
[2024-Nov-14 20:38:12.232 +02:00][13030:13030][info ] DoKrispInitialize
[2024-Nov-14 20:38:12.749 +02:00][13030:13030][info ] LoadDynamicKrisp
[2024-Nov-14 20:38:12.749 +02:00][13030:13030][info ] Did not find KRISP_DYLIB_PATH, skipping dynamic loading
[2024-Nov-14 20:38:12.749 +02:00][13030:13030][info ] Initializing Krisp SDK in PID 13030, addr 0x741f069906f0
[2024-Nov-14 20:38:13.094 +02:00][13030:13030][info ] Initialized Krisp SDK successfully
[2024-Nov-14 20:38:13.094 +02:00][13030:13030][info ] Krisp SDK initialized
[2024-Nov-14 20:53:30.078 +02:00][ 6309: 6309][info ] Logging initialized
[2024-Nov-14 20:53:30.078 +02:00][ 6309: 6309][info ] Initializing krisp SDK...
[2024-Nov-14 20:53:30.078 +02:00][ 6309: 6309][info ] DoKrispInitialize
[2024-Nov-14 20:53:30.571 +02:00][ 6309: 6309][info ] LoadDynamicKrisp
[2024-Nov-14 20:53:30.572 +02:00][ 6309: 6309][info ] Did not find KRISP_DYLIB_PATH, skipping dynamic loading
[2024-Nov-14 20:53:30.572 +02:00][ 6309: 6309][info ] Initializing Krisp SDK in PID 6309, addr 0x6fe93e7906f0
[2024-Nov-14 20:53:30.891 +02:00][ 6309: 6309][info ] Initialized Krisp SDK successfully
[2024-Nov-14 20:53:30.891 +02:00][ 6309: 6309][info ] Krisp SDK initialized
[2024-Nov-14 21:10:17.320 +02:00][ 1495: 1495][info ] Logging initialized
[2024-Nov-14 21:10:17.320 +02:00][ 1495: 1495][info ] Initializing krisp SDK...
[2024-Nov-14 21:10:17.320 +02:00][ 1495: 1495][info ] DoKrispInitialize
[2024-Nov-14 21:10:17.808 +02:00][ 1495: 1495][info ] LoadDynamicKrisp
[2024-Nov-14 21:10:17.808 +02:00][ 1495: 1495][info ] Did not find KRISP_DYLIB_PATH, skipping dynamic loading
[2024-Nov-14 21:10:17.808 +02:00][ 1495: 1495][info ] Initializing Krisp SDK in PID 1495, addr 0x756969b906f0
[2024-Nov-14 21:10:18.123 +02:00][ 1495: 1495][info ] Initialized Krisp SDK successfully
[2024-Nov-14 21:10:18.123 +02:00][ 1495: 1495][info ] Krisp SDK initialized
[2024-Nov-14 21:15:20.787 +02:00][ 1261: 1261][info ] Logging initialized
[2024-Nov-14 21:15:20.787 +02:00][ 1261: 1261][info ] Initializing krisp SDK...
[2024-Nov-14 21:15:20.787 +02:00][ 1261: 1261][info ] DoKrispInitialize
[2024-Nov-14 21:15:21.279 +02:00][ 1261: 1261][info ] LoadDynamicKrisp
[2024-Nov-14 21:15:21.279 +02:00][ 1261: 1261][info ] Did not find KRISP_DYLIB_PATH, skipping dynamic loading
[2024-Nov-14 21:15:21.279 +02:00][ 1261: 1261][info ] Initializing Krisp SDK in PID 1261, addr 0x7b02469906f0
[2024-Nov-14 21:15:21.594 +02:00][ 1261: 1261][info ] Initialized Krisp SDK successfully
[2024-Nov-14 21:15:21.594 +02:00][ 1261: 1261][info ] Krisp SDK initialized
[2024-Nov-14 22:15:39.351 +02:00][ 1367: 1367][info ] Logging initialized
[2024-Nov-14 22:15:39.351 +02:00][ 1367: 1367][info ] Initializing krisp SDK...
[2024-Nov-14 22:15:39.351 +02:00][ 1367: 1367][info ] DoKrispInitialize
[2024-Nov-14 22:15:39.841 +02:00][ 1367: 1367][info ] LoadDynamicKrisp
[2024-Nov-14 22:15:39.841 +02:00][ 1367: 1367][info ] Did not find KRISP_DYLIB_PATH, skipping dynamic loading
[2024-Nov-14 22:15:39.841 +02:00][ 1367: 1367][info ] Initializing Krisp SDK in PID 1367, addr 0x75b5ba9906f0
[2024-Nov-14 22:15:40.161 +02:00][ 1367: 1367][info ] Initialized Krisp SDK successfully
[2024-Nov-14 22:15:40.161 +02:00][ 1367: 1367][info ] Krisp SDK initialized
[2024-Nov-14 22:18:05.931 +02:00][ 2195: 2195][info ] Logging initialized
[2024-Nov-14 22:18:05.931 +02:00][ 2195: 2195][info ] Initializing krisp SDK...
[2024-Nov-14 22:18:05.931 +02:00][ 2195: 2195][info ] DoKrispInitialize
[2024-Nov-14 22:18:06.420 +02:00][ 2195: 2195][info ] LoadDynamicKrisp
[2024-Nov-14 22:18:06.420 +02:00][ 2195: 2195][info ] Did not find KRISP_DYLIB_PATH, skipping dynamic loading
[2024-Nov-14 22:18:06.420 +02:00][ 2195: 2195][info ] Initializing Krisp SDK in PID 2195, addr 0x7da2c93906f0
[2024-Nov-14 22:18:06.707 +02:00][ 2195: 2195][info ] Initialized Krisp SDK successfully
[2024-Nov-14 22:18:06.707 +02:00][ 2195: 2195][info ] Krisp SDK initialized
[2024-Nov-14 22:20:18.883 +02:00][ 1201: 1201][info ] Logging initialized
[2024-Nov-14 22:20:18.883 +02:00][ 1201: 1201][info ] Initializing krisp SDK...
[2024-Nov-14 22:20:18.883 +02:00][ 1201: 1201][info ] DoKrispInitialize
[2024-Nov-14 22:20:19.381 +02:00][ 1201: 1201][info ] LoadDynamicKrisp
[2024-Nov-14 22:20:19.381 +02:00][ 1201: 1201][info ] Did not find KRISP_DYLIB_PATH, skipping dynamic loading
[2024-Nov-14 22:20:19.381 +02:00][ 1201: 1201][info ] Initializing Krisp SDK in PID 1201, addr 0x70c19f5906f0
[2024-Nov-14 22:20:19.701 +02:00][ 1201: 1201][info ] Initialized Krisp SDK successfully
[2024-Nov-14 22:20:19.701 +02:00][ 1201: 1201][info ] Krisp SDK initialized
[2024-Nov-14 22:53:37.810 +02:00][ 1675: 1675][info ] Logging initialized
[2024-Nov-14 22:53:37.810 +02:00][ 1675: 1675][info ] Initializing krisp SDK...
[2024-Nov-14 22:53:37.810 +02:00][ 1675: 1675][info ] DoKrispInitialize
[2024-Nov-14 22:53:38.297 +02:00][ 1675: 1675][info ] LoadDynamicKrisp
[2024-Nov-14 22:53:38.297 +02:00][ 1675: 1675][info ] Did not find KRISP_DYLIB_PATH, skipping dynamic loading
[2024-Nov-14 22:53:38.297 +02:00][ 1675: 1675][info ] Initializing Krisp SDK in PID 1675, addr 0x78a7def906f0
[2024-Nov-14 22:53:38.612 +02:00][ 1675: 1675][info ] Initialized Krisp SDK successfully
[2024-Nov-14 22:53:38.612 +02:00][ 1675: 1675][info ] Krisp SDK initialized
[2024-Nov-14 22:58:59.203 +02:00][ 1688: 1688][info ] Logging initialized
[2024-Nov-14 22:58:59.203 +02:00][ 1688: 1688][info ] Initializing krisp SDK...
[2024-Nov-14 22:58:59.203 +02:00][ 1688: 1688][info ] DoKrispInitialize
[2024-Nov-14 22:58:59.693 +02:00][ 1688: 1688][info ] LoadDynamicKrisp
[2024-Nov-14 22:58:59.693 +02:00][ 1688: 1688][info ] Did not find KRISP_DYLIB_PATH, skipping dynamic loading
[2024-Nov-14 22:58:59.693 +02:00][ 1688: 1688][info ] Initializing Krisp SDK in PID 1688, addr 0x732ea69906f0
[2024-Nov-14 22:59:00.001 +02:00][ 1688: 1688][info ] Initialized Krisp SDK successfully
[2024-Nov-14 22:59:00.001 +02:00][ 1688: 1688][info ] Krisp SDK initialized
[2024-Nov-14 23:07:13.969 +02:00][ 3225: 3225][info ] Logging initialized
[2024-Nov-14 23:07:13.969 +02:00][ 3225: 3225][info ] Initializing krisp SDK...
[2024-Nov-14 23:07:13.969 +02:00][ 3225: 3225][info ] DoKrispInitialize
[2024-Nov-14 23:07:14.467 +02:00][ 3225: 3225][info ] LoadDynamicKrisp
[2024-Nov-14 23:07:14.467 +02:00][ 3225: 3225][info ] Did not find KRISP_DYLIB_PATH, skipping dynamic loading
[2024-Nov-14 23:07:14.467 +02:00][ 3225: 3225][info ] Initializing Krisp SDK in PID 3225, addr 0x7812487906f0
[2024-Nov-14 23:07:14.757 +02:00][ 3225: 3225][info ] Initialized Krisp SDK successfully
[2024-Nov-14 23:07:14.757 +02:00][ 3225: 3225][info ] Krisp SDK initialized
[2024-Nov-14 23:09:06.043 +02:00][ 1156: 1156][info ] Logging initialized
[2024-Nov-14 23:09:06.043 +02:00][ 1156: 1156][info ] Initializing krisp SDK...
[2024-Nov-14 23:09:06.043 +02:00][ 1156: 1156][info ] DoKrispInitialize
[2024-Nov-14 23:09:06.504 +02:00][ 1156: 1156][info ] LoadDynamicKrisp
[2024-Nov-14 23:09:06.504 +02:00][ 1156: 1156][info ] Did not find KRISP_DYLIB_PATH, skipping dynamic loading
[2024-Nov-14 23:09:06.504 +02:00][ 1156: 1156][info ] Initializing Krisp SDK in PID 1156, addr 0x7ae7d6b906f0
[2024-Nov-14 23:09:06.810 +02:00][ 1156: 1156][info ] Initialized Krisp SDK successfully
[2024-Nov-14 23:09:06.810 +02:00][ 1156: 1156][info ] Krisp SDK initialized
[2024-Nov-14 23:11:19.253 +02:00][ 1733: 1733][info ] Logging initialized
[2024-Nov-14 23:11:19.253 +02:00][ 1733: 1733][info ] Initializing krisp SDK...
[2024-Nov-14 23:11:19.253 +02:00][ 1733: 1733][info ] DoKrispInitialize
[2024-Nov-14 23:11:19.785 +02:00][ 1733: 1733][info ] LoadDynamicKrisp
[2024-Nov-14 23:11:19.785 +02:00][ 1733: 1733][info ] Did not find KRISP_DYLIB_PATH, skipping dynamic loading
[2024-Nov-14 23:11:19.785 +02:00][ 1733: 1733][info ] Initializing Krisp SDK in PID 1733, addr 0x7409c7f906f0
[2024-Nov-14 23:11:20.078 +02:00][ 1733: 1733][info ] Initialized Krisp SDK successfully
[2024-Nov-14 23:11:20.078 +02:00][ 1733: 1733][info ] Krisp SDK initialized
[2024-Nov-15 00:26:37.810 +02:00][11964:11964][info ] Logging initialized
[2024-Nov-15 00:26:37.810 +02:00][11964:11964][info ] Initializing krisp SDK...
[2024-Nov-15 00:26:37.810 +02:00][11964:11964][info ] DoKrispInitialize
[2024-Nov-15 00:26:38.303 +02:00][11964:11964][info ] LoadDynamicKrisp
[2024-Nov-15 00:26:38.303 +02:00][11964:11964][info ] Did not find KRISP_DYLIB_PATH, skipping dynamic loading
[2024-Nov-15 00:26:38.303 +02:00][11964:11964][info ] Initializing Krisp SDK in PID 11964, addr 0x79f1345906f0
[2024-Nov-15 00:26:38.625 +02:00][11964:11964][info ] Initialized Krisp SDK successfully
[2024-Nov-15 00:26:38.625 +02:00][11964:11964][info ] Krisp SDK initialized
[2024-Nov-15 01:22:05.220 +02:00][12305:12305][info ] Logging initialized
[2024-Nov-15 01:22:05.220 +02:00][12305:12305][info ] Initializing krisp SDK...
[2024-Nov-15 01:22:05.220 +02:00][12305:12305][info ] DoKrispInitialize
[2024-Nov-15 01:22:05.726 +02:00][12305:12305][info ] LoadDynamicKrisp
[2024-Nov-15 01:22:05.726 +02:00][12305:12305][info ] Did not find KRISP_DYLIB_PATH, skipping dynamic loading
[2024-Nov-15 01:22:05.726 +02:00][12305:12305][info ] Initializing Krisp SDK in PID 12305, addr 0x770c743906f0
[2024-Nov-15 01:22:06.037 +02:00][12305:12305][info ] Initialized Krisp SDK successfully
[2024-Nov-15 01:22:06.037 +02:00][12305:12305][info ] Krisp SDK initialized
[2024-Nov-16 01:04:28.414 +02:00][ 7923: 7923][info ] Logging initialized
[2024-Nov-16 01:04:28.414 +02:00][ 7923: 7923][info ] Initializing krisp SDK...
[2024-Nov-16 01:04:28.414 +02:00][ 7923: 7923][info ] DoKrispInitialize
[2024-Nov-16 01:04:30.032 +02:00][ 7923: 7923][info ] LoadDynamicKrisp
[2024-Nov-16 01:04:30.032 +02:00][ 7923: 7923][info ] Did not find KRISP_DYLIB_PATH, skipping dynamic loading
[2024-Nov-16 01:04:30.032 +02:00][ 7923: 7923][info ] Initializing Krisp SDK in PID 7923, addr 0x77672cf906f0
[2024-Nov-16 01:04:31.088 +02:00][ 7923: 7923][info ] Initialized Krisp SDK successfully
[2024-Nov-16 01:04:31.088 +02:00][ 7923: 7923][info ] Krisp SDK initialized
