2024-11-14T17:05:58.422Z 0: 

----------------------------------------------
2024-11-14T17:05:58.443Z 1: Discord starting: {"releaseChannel":"stable","version":"0.0.74"}, modulepath: /home/ahmed/.config/discord/0.0.74/modules
2024-11-14T17:05:58.455Z 2: ✅ webContents.created web1 ""
2024-11-14T17:05:58.470Z 3: ✅ window.created win1 "discord"
2024-11-14T17:05:58.763Z 4: ✅ webContents.did-finish-load web1
2024-11-14T17:06:23.927Z 5: ✅ webContents.created web2 ""
2024-11-14T17:06:23.938Z 6: ✅ window.created win2 "Discord"
2024-11-14T17:06:39.597Z 7: ✅ webContents.did-finish-load web2
2024-11-14T17:06:39.698Z 8: window.close win1
2024-11-14T17:06:39.757Z 9: webContents.destroyed web1
2024-11-14T17:06:39.777Z 10: window.closed win1
2024-11-14T17:07:34.794Z 11: before-quit
2024-11-14T17:07:34.807Z 12: window.close win2
2024-11-14T17:07:34.871Z 13: ❌ render-process-gone { reason: 'clean-exit', exitCode: 1 }
2024-11-14T17:07:50.326Z 0: 

----------------------------------------------
2024-11-14T17:07:50.353Z 1: Discord starting: {"releaseChannel":"stable","version":"0.0.74"}, modulepath: /home/ahmed/.config/discord/0.0.74/modules
2024-11-14T17:07:50.366Z 2: ✅ webContents.created web1 "index.html"
2024-11-14T17:07:50.374Z 3: ✅ window.created win1 "discord"
2024-11-14T17:07:50.604Z 4: ✅ webContents.did-finish-load web1
2024-11-14T17:07:51.151Z 5: ✅ webContents.created web2 ""
2024-11-14T17:07:51.160Z 6: ✅ window.created win2 "Discord"
2024-11-14T17:07:56.217Z 7: ✅ webContents.did-finish-load web2
2024-11-14T17:07:56.319Z 8: window.close win1
2024-11-14T17:07:56.332Z 9: webContents.destroyed web1
2024-11-14T17:07:56.340Z 10: window.closed win1
2024-11-14T17:12:13.497Z 11: window.close win2
2024-11-14T17:35:30.641Z 0: 

----------------------------------------------
2024-11-14T17:35:30.669Z 1: Discord starting: {"releaseChannel":"stable","version":"0.0.74"}, modulepath: /home/ahmed/.config/discord/0.0.74/modules
2024-11-14T17:35:30.680Z 2: ✅ webContents.created web1 ""
2024-11-14T17:35:30.686Z 3: ✅ window.created win1 "discord"
2024-11-14T17:35:31.018Z 4: ✅ webContents.did-finish-load web1
2024-11-14T17:35:31.699Z 5: ✅ webContents.created web2 ""
2024-11-14T17:35:31.714Z 6: ✅ window.created win2 "Discord"
2024-11-14T17:35:35.465Z 7: ✅ webContents.did-finish-load web2
2024-11-14T17:35:35.567Z 8: window.close win1
2024-11-14T17:35:35.579Z 9: webContents.destroyed web1
2024-11-14T17:35:35.584Z 10: window.closed win1
2024-11-14T17:49:11.446Z 0: 

----------------------------------------------
2024-11-14T17:49:23.126Z 11: window.close win2
2024-11-14T17:49:36.224Z 12: before-quit
2024-11-14T18:04:17.741Z 0: 

----------------------------------------------
2024-11-14T18:04:17.769Z 1: Discord starting: {"releaseChannel":"stable","version":"0.0.74"}, modulepath: /home/ahmed/.config/discord/0.0.74/modules
2024-11-14T18:04:17.779Z 2: ✅ webContents.created web1 "index.html"
2024-11-14T18:04:17.784Z 3: ✅ window.created win1 "discord"
2024-11-14T18:04:18.097Z 4: ✅ webContents.did-finish-load web1
2024-11-14T18:04:19.146Z 5: ✅ webContents.created web2 ""
2024-11-14T18:04:19.153Z 6: ✅ window.created win2 "Discord"
2024-11-14T18:04:23.308Z 7: ✅ webContents.did-finish-load web2
2024-11-14T18:04:23.411Z 8: window.close win1
2024-11-14T18:04:23.428Z 9: webContents.destroyed web1
2024-11-14T18:04:23.435Z 10: window.closed win1
2024-11-14T18:37:39.748Z 0: 

----------------------------------------------
2024-11-14T18:37:39.775Z 1: Discord starting: {"releaseChannel":"stable","version":"0.0.74"}, modulepath: /home/ahmed/.config/discord/0.0.74/modules
2024-11-14T18:37:39.789Z 2: ✅ webContents.created web1 "index.html"
2024-11-14T18:37:39.797Z 3: ✅ window.created win1 "discord"
2024-11-14T18:37:40.078Z 4: ✅ webContents.did-finish-load web1
2024-11-14T18:38:08.585Z 5: ✅ webContents.created web2 ""
2024-11-14T18:38:08.595Z 6: ✅ window.created win2 "Discord"
2024-11-14T18:38:14.108Z 7: ✅ webContents.did-finish-load web2
2024-11-14T18:38:14.210Z 8: window.close win1
2024-11-14T18:38:14.228Z 9: webContents.destroyed web1
2024-11-14T18:38:14.238Z 10: window.closed win1
2024-11-14T18:42:38.783Z 0: 

----------------------------------------------
2024-11-14T18:42:38.803Z 1: Discord starting: {"releaseChannel":"stable","version":"0.0.74"}, modulepath: /home/ahmed/.config/discord/0.0.74/modules
2024-11-14T18:43:12.621Z 11: before-quit
2024-11-14T18:43:12.673Z 12: window.close win2
2024-11-14T18:53:26.707Z 0: 

----------------------------------------------
2024-11-14T18:53:26.756Z 1: Discord starting: {"releaseChannel":"stable","version":"0.0.74"}, modulepath: /home/ahmed/.config/discord/0.0.74/modules
2024-11-14T18:53:26.769Z 2: ✅ webContents.created web1 ""
2024-11-14T18:53:26.784Z 3: ✅ window.created win1 "discord"
2024-11-14T18:53:27.138Z 4: ✅ webContents.did-finish-load web1
2024-11-14T18:53:27.999Z 5: ✅ webContents.created web2 ""
2024-11-14T18:53:28.015Z 6: ✅ window.created win2 "Discord"
2024-11-14T18:53:31.882Z 7: ✅ webContents.did-finish-load web2
2024-11-14T18:53:31.987Z 8: window.close win1
2024-11-14T18:53:32.018Z 9: webContents.destroyed web1
2024-11-14T18:53:32.037Z 10: window.closed win1
2024-11-14T19:10:14.262Z 0: 

----------------------------------------------
2024-11-14T19:10:14.295Z 1: Discord starting: {"releaseChannel":"stable","version":"0.0.74"}, modulepath: /home/ahmed/.config/discord/0.0.74/modules
2024-11-14T19:10:14.306Z 2: ✅ webContents.created web1 "index.html"
2024-11-14T19:10:14.317Z 3: ✅ window.created win1 "discord"
2024-11-14T19:10:14.648Z 4: ✅ webContents.did-finish-load web1
2024-11-14T19:10:15.244Z 5: ✅ webContents.created web2 ""
2024-11-14T19:10:15.256Z 6: ✅ window.created win2 "Discord"
2024-11-14T19:10:19.285Z 7: ✅ webContents.did-finish-load web2
2024-11-14T19:10:19.387Z 8: window.close win1
2024-11-14T19:10:19.400Z 9: webContents.destroyed web1
2024-11-14T19:10:19.405Z 10: window.closed win1
2024-11-14T19:11:01.485Z 11: window.close win2
2024-11-14T19:15:17.671Z 0: 

----------------------------------------------
2024-11-14T19:15:17.697Z 1: Discord starting: {"releaseChannel":"stable","version":"0.0.74"}, modulepath: /home/ahmed/.config/discord/0.0.74/modules
2024-11-14T19:15:17.707Z 2: ✅ webContents.created web1 ""
2024-11-14T19:15:17.715Z 3: ✅ window.created win1 "discord"
2024-11-14T19:15:18.094Z 4: ✅ webContents.did-finish-load web1
2024-11-14T19:15:18.775Z 5: ✅ webContents.created web2 ""
2024-11-14T19:15:18.787Z 6: ✅ window.created win2 "Discord"
2024-11-14T19:15:22.416Z 7: ✅ webContents.did-finish-load web2
2024-11-14T19:15:22.518Z 8: window.close win1
2024-11-14T19:15:22.538Z 9: webContents.destroyed web1
2024-11-14T19:15:22.547Z 10: window.closed win1
2024-11-14T19:15:44.042Z 11: before-quit
2024-11-14T20:15:36.291Z 0: 

----------------------------------------------
2024-11-14T20:15:36.351Z 1: Discord starting: {"releaseChannel":"stable","version":"0.0.74"}, modulepath: /home/ahmed/.config/discord/0.0.74/modules
2024-11-14T20:15:36.357Z 2: ✅ webContents.created web1 ""
2024-11-14T20:15:36.365Z 3: ✅ window.created win1 "discord"
2024-11-14T20:15:36.722Z 4: ✅ webContents.did-finish-load web1
2024-11-14T20:15:37.314Z 5: ✅ webContents.created web2 ""
2024-11-14T20:15:37.330Z 6: ✅ window.created win2 "Discord"
2024-11-14T20:15:41.284Z 7: ✅ webContents.did-finish-load web2
2024-11-14T20:15:41.388Z 8: window.close win1
2024-11-14T20:15:41.411Z 9: webContents.destroyed web1
2024-11-14T20:15:41.419Z 10: window.closed win1
2024-11-14T20:18:03.197Z 0: 

----------------------------------------------
2024-11-14T20:18:03.221Z 1: Discord starting: {"releaseChannel":"stable","version":"0.0.74"}, modulepath: /home/ahmed/.config/discord/0.0.74/modules
2024-11-14T20:18:03.232Z 2: ✅ webContents.created web1 "index.html"
2024-11-14T20:18:03.236Z 3: ✅ window.created win1 "discord"
2024-11-14T20:18:03.523Z 4: ✅ webContents.did-finish-load web1
2024-11-14T20:18:04.031Z 5: ✅ webContents.created web2 ""
2024-11-14T20:18:04.043Z 6: ✅ window.created win2 "Discord"
2024-11-14T20:18:07.824Z 7: ✅ webContents.did-finish-load web2
2024-11-14T20:18:07.926Z 8: window.close win1
2024-11-14T20:18:07.948Z 9: webContents.destroyed web1
2024-11-14T20:18:07.961Z 10: window.closed win1
2024-11-14T20:18:42.118Z 11: window.close win2
2024-11-14T20:18:50.082Z 12: window.close win2
2024-11-14T20:19:05.522Z 13: window.close win2
2024-11-14T20:20:16.330Z 0: 

----------------------------------------------
2024-11-14T20:20:16.355Z 1: Discord starting: {"releaseChannel":"stable","version":"0.0.74"}, modulepath: /home/ahmed/.config/discord/0.0.74/modules
2024-11-14T20:20:16.366Z 2: ✅ webContents.created web1 ""
2024-11-14T20:20:16.374Z 3: ✅ window.created win1 "discord"
2024-11-14T20:20:16.764Z 4: ✅ webContents.did-finish-load web1
2024-11-14T20:20:17.425Z 5: ✅ webContents.created web2 ""
2024-11-14T20:20:17.433Z 6: ✅ window.created win2 "Discord"
2024-11-14T20:20:20.542Z 7: ✅ webContents.did-finish-load web2
2024-11-14T20:20:20.645Z 8: window.close win1
2024-11-14T20:20:20.665Z 9: webContents.destroyed web1
2024-11-14T20:20:20.671Z 10: window.closed win1
2024-11-14T20:20:23.767Z 11: window.close win2
2024-11-14T20:37:27.699Z 12: window.close win2
2024-11-14T20:53:34.771Z 0: 

----------------------------------------------
2024-11-14T20:53:34.796Z 1: Discord starting: {"releaseChannel":"stable","version":"0.0.74"}, modulepath: /home/ahmed/.config/discord/0.0.74/modules
2024-11-14T20:53:34.804Z 2: ✅ webContents.created web1 ""
2024-11-14T20:53:34.812Z 3: ✅ window.created win1 "discord"
2024-11-14T20:53:35.132Z 4: ✅ webContents.did-finish-load web1
2024-11-14T20:53:35.787Z 5: ✅ webContents.created web2 ""
2024-11-14T20:53:35.797Z 6: ✅ window.created win2 "Discord"
2024-11-14T20:53:39.756Z 7: ✅ webContents.did-finish-load web2
2024-11-14T20:53:39.858Z 8: window.close win1
2024-11-14T20:53:39.873Z 9: webContents.destroyed web1
2024-11-14T20:53:39.881Z 10: window.closed win1
2024-11-14T20:58:56.165Z 0: 

----------------------------------------------
2024-11-14T20:58:56.199Z 1: Discord starting: {"releaseChannel":"stable","version":"0.0.74"}, modulepath: /home/ahmed/.config/discord/0.0.74/modules
2024-11-14T20:58:56.209Z 2: ✅ webContents.created web1 "index.html"
2024-11-14T20:58:56.216Z 3: ✅ window.created win1 "discord"
2024-11-14T20:58:56.530Z 4: ✅ webContents.did-finish-load web1
2024-11-14T20:58:57.127Z 5: ✅ webContents.created web2 ""
2024-11-14T20:58:57.142Z 6: ✅ window.created win2 "Discord"
2024-11-14T20:59:01.115Z 7: ✅ webContents.did-finish-load web2
2024-11-14T20:59:01.216Z 8: window.close win1
2024-11-14T20:59:01.228Z 9: webContents.destroyed web1
2024-11-14T20:59:01.234Z 10: window.closed win1
2024-11-14T21:00:25.324Z 11: window.close win2
2024-11-14T21:00:39.979Z 12: before-quit
2024-11-14T21:00:40.013Z 13: window.close win2
2024-11-14T21:07:10.901Z 0: 

----------------------------------------------
2024-11-14T21:07:10.930Z 1: Discord starting: {"releaseChannel":"stable","version":"0.0.74"}, modulepath: /home/ahmed/.config/discord/0.0.74/modules
2024-11-14T21:07:10.942Z 2: ✅ webContents.created web1 "index.html"
2024-11-14T21:07:10.951Z 3: ✅ window.created win1 "discord"
2024-11-14T21:07:11.238Z 4: ✅ webContents.did-finish-load web1
2024-11-14T21:07:12.061Z 5: ✅ webContents.created web2 ""
2024-11-14T21:07:12.073Z 6: ✅ window.created win2 "Discord"
2024-11-14T21:07:15.615Z 7: ✅ webContents.did-finish-load web2
2024-11-14T21:07:15.717Z 8: window.close win1
2024-11-14T21:07:15.732Z 9: webContents.destroyed web1
2024-11-14T21:07:15.739Z 10: window.closed win1
2024-11-14T21:09:03.111Z 0: 

----------------------------------------------
2024-11-14T21:09:03.191Z 1: Discord starting: {"releaseChannel":"stable","version":"0.0.74"}, modulepath: /home/ahmed/.config/discord/0.0.74/modules
2024-11-14T21:09:03.213Z 2: ✅ webContents.created web1 "index.html"
2024-11-14T21:09:03.218Z 3: ✅ window.created win1 "discord"
2024-11-14T21:09:03.493Z 4: ✅ webContents.did-finish-load web1
2024-11-14T21:09:04.027Z 5: ✅ webContents.created web2 ""
2024-11-14T21:09:04.037Z 6: ✅ window.created win2 "Discord"
2024-11-14T21:09:07.839Z 7: ✅ webContents.did-finish-load web2
2024-11-14T21:09:07.941Z 8: window.close win1
2024-11-14T21:09:07.953Z 9: webContents.destroyed web1
2024-11-14T21:09:07.960Z 10: window.closed win1
2024-11-14T21:10:19.123Z 11: window.close win2
2024-11-14T21:10:24.038Z 12: before-quit
2024-11-14T21:11:15.033Z 0: 

----------------------------------------------
2024-11-14T21:11:15.063Z 1: Discord starting: {"releaseChannel":"stable","version":"0.0.74"}, modulepath: /home/ahmed/.config/discord/0.0.74/modules
2024-11-14T21:11:15.076Z 2: ✅ webContents.created web1 "index.html"
2024-11-14T21:11:15.079Z 3: ✅ window.created win1 "discord"
2024-11-14T21:11:15.445Z 4: ✅ webContents.did-finish-load web1
2024-11-14T21:11:16.068Z 5: ✅ webContents.created web2 ""
2024-11-14T21:11:16.118Z 6: ✅ window.created win2 "Discord"
2024-11-14T21:11:20.988Z 7: ✅ webContents.did-finish-load web2
2024-11-14T21:11:21.397Z 8: window.close win1
2024-11-14T21:11:21.402Z 9: webContents.destroyed web1
2024-11-14T21:11:21.409Z 10: window.closed win1
2024-11-14T21:11:44.555Z 11: window.close win2
2024-11-14T21:11:47.860Z 12: before-quit
2024-11-14T21:11:47.891Z 13: window.close win2
2024-11-14T22:26:33.005Z 0: 

----------------------------------------------
2024-11-14T22:26:33.035Z 1: Discord starting: {"releaseChannel":"stable","version":"0.0.74"}, modulepath: /home/ahmed/.config/discord/0.0.74/modules
2024-11-14T22:26:33.045Z 2: ✅ webContents.created web1 "index.html"
2024-11-14T22:26:33.055Z 3: ✅ window.created win1 "discord"
2024-11-14T22:26:33.375Z 4: ✅ webContents.did-finish-load web1
2024-11-14T22:26:34.266Z 5: ✅ webContents.created web2 ""
2024-11-14T22:26:34.278Z 6: ✅ window.created win2 "Discord"
2024-11-14T22:26:39.755Z 7: ✅ webContents.did-finish-load web2
2024-11-14T22:26:39.858Z 8: window.close win1
2024-11-14T22:26:39.883Z 9: webContents.destroyed web1
2024-11-14T22:26:39.891Z 10: window.closed win1
2024-11-14T22:27:55.444Z 11: window.close win2
2024-11-14T22:28:18.609Z 12: before-quit
2024-11-14T22:28:18.628Z 13: window.close win2
2024-11-14T23:22:00.805Z 0: 

----------------------------------------------
2024-11-14T23:22:00.840Z 1: Discord starting: {"releaseChannel":"stable","version":"0.0.74"}, modulepath: /home/ahmed/.config/discord/0.0.74/modules
2024-11-14T23:22:00.859Z 2: ✅ webContents.created web1 ""
2024-11-14T23:22:00.868Z 3: ✅ window.created win1 "discord"
2024-11-14T23:22:01.235Z 4: ✅ webContents.did-finish-load web1
2024-11-14T23:22:02.009Z 5: ✅ webContents.created web2 ""
2024-11-14T23:22:02.020Z 6: ✅ window.created win2 "Discord"
2024-11-14T23:22:07.078Z 7: ✅ webContents.did-finish-load web2
2024-11-14T23:22:07.182Z 8: window.close win1
2024-11-14T23:22:07.216Z 9: webContents.destroyed web1
2024-11-14T23:22:07.221Z 10: window.closed win1
2024-11-14T23:39:41.001Z 11: before-quit
2024-11-15T23:04:13.310Z 0: 

----------------------------------------------
2024-11-15T23:04:13.381Z 1: Discord starting: {"releaseChannel":"stable","version":"0.0.74"}, modulepath: /home/ahmed/.config/discord/0.0.74/modules
2024-11-15T23:04:13.402Z 2: ✅ webContents.created web1 ""
2024-11-15T23:04:13.417Z 3: ✅ window.created win1 "discord"
2024-11-15T23:04:14.411Z 4: ✅ webContents.did-finish-load web1
2024-11-15T23:04:15.263Z 5: ✅ webContents.created web2 ""
2024-11-15T23:04:15.289Z 6: ✅ window.created win2 "Discord"
2024-11-15T23:04:37.520Z 7: ✅ webContents.did-finish-load web2
2024-11-15T23:04:37.627Z 8: window.close win1
2024-11-15T23:04:37.665Z 9: webContents.destroyed web1
2024-11-15T23:04:37.680Z 10: window.closed win1
2024-11-15T23:05:55.426Z 11: window.close win2
2024-11-15T23:48:10.388Z 12: before-quit
